{
  "0 debug pnpm:scope": {
    "selected": 1
  },
  "1 debug pnpm:package-manifest": {
    "initial": {
      "name": "svelte-kit-demo",
      "version": "0.0.1",
      "scripts": {
        "dev": "svelte-kit dev",
        "build": "svelte-kit build",
        "package": "svelte-kit package",
        "preview": "svelte-kit preview",
        "start": "deno run --allow-env --allow-read --allow-net --no-check build/index.js",
        "check": "svelte-check --tsconfig ./tsconfig.json",
        "check:watch": "svelte-check --tsconfig ./tsconfig.json --watch",
        "lint": "prettier --ignore-path .gitignore --check --plugin-search-dir=. . && eslint --ignore-path .gitignore .",
        "format": "prettier --ignore-path .gitignore --write --plugin-search-dir=. ."
      },
      "devDependencies": {
        "@sveltejs/kit": "next",
        "@types/cookie": "^0.4.1",
        "@typescript-eslint/eslint-plugin": "^4.31.1",
        "@typescript-eslint/parser": "^4.31.1",
        "eslint": "^7.32.0",
        "eslint-config-prettier": "^8.3.0",
        "eslint-plugin-svelte3": "^3.2.1",
        "prettier": "^2.4.1",
        "prettier-plugin-svelte": "^2.4.0",
        "svelte": "^3.44.0",
        "svelte-adapter-deno": "workspace:*",
        "svelte-check": "^2.2.6",
        "svelte-preprocess": "^4.9.4",
        "tslib": "^2.3.1",
        "typescript": "^4.4.3"
      },
      "type": "module",
      "dependencies": {
        "@fontsource/fira-mono": "^4.5.0",
        "@lukeed/uuid": "^2.0.0",
        "cookie": "^0.4.1"
      }
    },
    "prefix": "/home/jpaquim/dev/svelte-adapter-deno-deploy/lib/deno-deploy-app"
  },
  "2 debug pnpm:context": {
    "currentLockfileExists": false,
    "storeDir": "/home/jpaquim/.pnpm-store/v3",
    "virtualStoreDir": "/home/jpaquim/dev/svelte-adapter-deno-deploy/lib/deno-deploy-app/node_modules/.pnpm"
  },
  "3 debug pnpm:stage": {
    "prefix": "/home/jpaquim/dev/svelte-adapter-deno-deploy/lib/deno-deploy-app",
    "stage": "resolution_started"
  },
  "4 debug pnpm:_dependency_resolved": {
    "resolution": "registry.npmjs.org/@types/cookie/0.4.1",
    "wanted": {
      "dependentId": ".",
      "name": "@types/cookie",
      "rawSpec": "^0.4.1"
    }
  },
  "5 debug pnpm:_dependency_resolved": {
    "resolution": "registry.npmjs.org/@typescript-eslint/eslint-plugin/4.33.0",
    "wanted": {
      "dependentId": ".",
      "name": "@typescript-eslint/eslint-plugin",
      "rawSpec": "^4.31.1"
    }
  },
  "6 debug pnpm:_dependency_resolved": {
    "resolution": "registry.npmjs.org/@typescript-eslint/parser/4.33.0",
    "wanted": {
      "dependentId": ".",
      "name": "@typescript-eslint/parser",
      "rawSpec": "^4.31.1"
    }
  },
  "7 debug pnpm:_dependency_resolved": {
    "resolution": "registry.npmjs.org/eslint/7.32.0",
    "wanted": {
      "dependentId": ".",
      "name": "eslint",
      "rawSpec": "^7.32.0"
    }
  },
  "8 debug pnpm:_dependency_resolved": {
    "resolution": "registry.npmjs.org/eslint-config-prettier/8.3.0",
    "wanted": {
      "dependentId": ".",
      "name": "eslint-config-prettier",
      "rawSpec": "^8.3.0"
    }
  },
  "9 debug pnpm:_dependency_resolved": {
    "resolution": "registry.npmjs.org/eslint-plugin-svelte3/3.2.1",
    "wanted": {
      "dependentId": ".",
      "name": "eslint-plugin-svelte3",
      "rawSpec": "^3.2.1"
    }
  },
  "10 debug pnpm:_dependency_resolved": {
    "resolution": "registry.npmjs.org/prettier/2.5.1",
    "wanted": {
      "dependentId": ".",
      "name": "prettier",
      "rawSpec": "^2.4.1"
    }
  },
  "11 debug pnpm:_dependency_resolved": {
    "resolution": "registry.npmjs.org/prettier-plugin-svelte/2.5.1",
    "wanted": {
      "dependentId": ".",
      "name": "prettier-plugin-svelte",
      "rawSpec": "^2.4.0"
    }
  },
  "12 debug pnpm:_dependency_resolved": {
    "resolution": "registry.npmjs.org/svelte/3.44.3",
    "wanted": {
      "dependentId": ".",
      "name": "svelte",
      "rawSpec": "^3.44.0"
    }
  },
  "13 debug pnpm:_dependency_resolved": {
    "resolution": "registry.npmjs.org/svelte-check/2.2.11",
    "wanted": {
      "dependentId": ".",
      "name": "svelte-check",
      "rawSpec": "^2.2.6"
    }
  },
  "14 debug pnpm:_dependency_resolved": {
    "resolution": "registry.npmjs.org/svelte-preprocess/4.10.1",
    "wanted": {
      "dependentId": ".",
      "name": "svelte-preprocess",
      "rawSpec": "^4.9.4"
    }
  },
  "15 debug pnpm:_dependency_resolved": {
    "resolution": "registry.npmjs.org/tslib/2.3.1",
    "wanted": {
      "dependentId": ".",
      "name": "tslib",
      "rawSpec": "^2.3.1"
    }
  },
  "16 debug pnpm:_dependency_resolved": {
    "resolution": "registry.npmjs.org/typescript/4.5.4",
    "wanted": {
      "dependentId": ".",
      "name": "typescript",
      "rawSpec": "^4.4.3"
    }
  },
  "17 debug pnpm:_dependency_resolved": {
    "resolution": "registry.npmjs.org/@fontsource/fira-mono/4.5.0",
    "wanted": {
      "dependentId": ".",
      "name": "@fontsource/fira-mono",
      "rawSpec": "^4.5.0"
    }
  },
  "18 debug pnpm:_dependency_resolved": {
    "resolution": "registry.npmjs.org/@lukeed/uuid/2.0.0",
    "wanted": {
      "dependentId": ".",
      "name": "@lukeed/uuid",
      "rawSpec": "^2.0.0"
    }
  },
  "19 debug pnpm:_dependency_resolved": {
    "resolution": "registry.npmjs.org/cookie/0.4.1",
    "wanted": {
      "dependentId": ".",
      "name": "cookie",
      "rawSpec": "^0.4.1"
    }
  },
  "20 error pnpm": {
    "code": "ERR_PNPM_NO_MATCHING_VERSION_INSIDE_WORKSPACE",
    "pkgsStack": [],
    "err": {
      "name": "pnpm",
      "message": "In : No matching version found for svelte-adapter-deno@* inside the workspace",
      "code": "ERR_PNPM_NO_MATCHING_VERSION_INSIDE_WORKSPACE",
      "stack": "pnpm: In : No matching version found for svelte-adapter-deno@* inside the workspace\n    at tryResolveFromWorkspace (/usr/pnpm-global/5/node_modules/.pnpm/pnpm@6.25.1/node_modules/pnpm/dist/pnpm.cjs:85734:15)\n    at resolveNpm (/usr/pnpm-global/5/node_modules/.pnpm/pnpm@6.25.1/node_modules/pnpm/dist/pnpm.cjs:85625:39)\n    at Object.resolve (/usr/pnpm-global/5/node_modules/.pnpm/pnpm@6.25.1/node_modules/pnpm/dist/pnpm.cjs:85857:40)\n    at ctx.requestsQueue.add.priority (/usr/pnpm-global/5/node_modules/.pnpm/pnpm@6.25.1/node_modules/pnpm/dist/pnpm.cjs:71782:75)\n    at run (/usr/pnpm-global/5/node_modules/.pnpm/pnpm@6.25.1/node_modules/pnpm/dist/pnpm.cjs:71498:90)\n    at PQueue._tryToStartAnother (/usr/pnpm-global/5/node_modules/.pnpm/pnpm@6.25.1/node_modules/pnpm/dist/pnpm.cjs:71452:13)\n    at /usr/pnpm-global/5/node_modules/.pnpm/pnpm@6.25.1/node_modules/pnpm/dist/pnpm.cjs:71511:16\n    at new Promise (<anonymous>)\n    at PQueue.add (/usr/pnpm-global/5/node_modules/.pnpm/pnpm@6.25.1/node_modules/pnpm/dist/pnpm.cjs:71493:16)\n    at resolveAndFetch (/usr/pnpm-global/5/node_modules/.pnpm/pnpm@6.25.1/node_modules/pnpm/dist/pnpm.cjs:71782:55)"
    }
  }
}